
> mlb-highlights@1.0.0 dev
> next dev

   ▲ Next.js 16.0.7 (Turbopack)
   - Local:         http://localhost:3000
   - Network:       http://192.168.1.186:3000
   - Environments: .env.local

 ✓ Starting...
 ✓ Ready in 503ms
 GET /game/776847 200 in 1829ms (compile: 1705ms, render: 124ms)
 GET /game/776818 200 in 1864ms (compile: 1740ms, render: 125ms)
 GET /api/game/776847 200 in 1080ms (compile: 569ms, render: 511ms)
 GET /api/game/776818 200 in 1011ms (compile: 492ms, render: 520ms)
 POST /api/game/776847/atbat-video 200 in 626ms (compile: 461ms, render: 165ms)
 POST /api/game/776847/atbat-video 200 in 629ms (compile: 461ms, render: 167ms)
 POST /api/game/776847/atbat-video 200 in 83ms (compile: 3ms, render: 80ms)
 POST /api/game/776847/atbat-video 200 in 84ms (compile: 2ms, render: 82ms)
 POST /api/game/776847/atbat-video 200 in 88ms (compile: 1282µs, render: 87ms)
 POST /api/game/776847/atbat-video 200 in 98ms (compile: 4ms, render: 94ms)
 POST /api/game/776818/atbat-video 200 in 860ms (compile: 447ms, render: 413ms)
 POST /api/game/776818/atbat-video 200 in 875ms (compile: 448ms, render: 426ms)
 POST /api/game/776847/atbat-video 200 in 78ms (compile: 6ms, render: 73ms)
 POST /api/game/776847/atbat-video 200 in 81ms (compile: 1641µs, render: 79ms)
 POST /api/game/776847/atbat-video 200 in 90ms (compile: 2ms, render: 88ms)
 POST /api/game/776847/atbat-video 200 in 98ms (compile: 5ms, render: 93ms)
 POST /api/game/776847/atbat-video 200 in 86ms (compile: 1481µs, render: 85ms)
 POST /api/game/776847/atbat-video 200 in 82ms (compile: 994µs, render: 81ms)
 POST /api/game/776847/atbat-video 200 in 78ms (compile: 2ms, render: 75ms)
 POST /api/game/776847/atbat-video 200 in 83ms (compile: 5ms, render: 78ms)
 POST /api/game/776847/atbat-video 200 in 53ms (compile: 1150µs, render: 52ms)
 POST /api/game/776847/atbat-video 200 in 61ms (compile: 1077µs, render: 60ms)
 POST /api/game/776818/atbat-video 200 in 510ms (compile: 1362µs, render: 509ms)
 POST /api/game/776818/atbat-video 200 in 525ms (compile: 2ms, render: 522ms)
 POST /api/game/776818/atbat-video 200 in 344ms (compile: 1067µs, render: 343ms)
 POST /api/game/776818/atbat-video 200 in 342ms (compile: 965µs, render: 341ms)
 POST /api/game/776818/atbat-video 200 in 506ms (compile: 974µs, render: 505ms)
 POST /api/game/776818/atbat-video 200 in 539ms (compile: 2ms, render: 536ms)
 POST /api/game/776818/atbat-video 200 in 350ms (compile: 3ms, render: 347ms)
 POST /api/game/776818/atbat-video 200 in 326ms (compile: 1209µs, render: 325ms)
 POST /api/game/776818/atbat-video 200 in 269ms (compile: 1514µs, render: 268ms)
 POST /api/game/776818/atbat-video 200 in 265ms (compile: 1323µs, render: 264ms)
 POST /api/game/776818/atbat-video 200 in 465ms (compile: 3ms, render: 462ms)
 POST /api/game/776818/atbat-video 200 in 470ms (compile: 907µs, render: 469ms)
 POST /api/game/776818/atbat-video 200 in 304ms (compile: 3ms, render: 302ms)
 POST /api/game/776818/atbat-video 200 in 405ms (compile: 904µs, render: 404ms)
 GET /game/776847 200 in 52ms (compile: 21ms, render: 30ms)
 GET /api/game/776847 200 in 539ms (compile: 3ms, render: 537ms)
 POST /api/game/776847/atbat-video 200 in 627ms (compile: 6ms, render: 621ms)
 POST /api/game/776847/atbat-video 200 in 630ms (compile: 2ms, render: 628ms)
 POST /api/game/776847/atbat-video 200 in 493ms (compile: 3ms, render: 490ms)
 POST /api/game/776847/atbat-video 200 in 506ms (compile: 5ms, render: 500ms)
 POST /api/game/776847/atbat-video 200 in 470ms (compile: 969µs, render: 469ms)
 POST /api/game/776847/atbat-video 200 in 482ms (compile: 3ms, render: 479ms)
 POST /api/game/776847/atbat-video 200 in 291ms (compile: 2ms, render: 288ms)
 POST /api/game/776847/atbat-video 200 in 287ms (compile: 936µs, render: 286ms)
 POST /api/game/776847/atbat-video 200 in 382ms (compile: 911µs, render: 381ms)
 POST /api/game/776847/atbat-video 200 in 433ms (compile: 1240µs, render: 431ms)
 POST /api/game/776847/atbat-video 200 in 285ms (compile: 8ms, render: 277ms)
 POST /api/game/776847/atbat-video 200 in 297ms (compile: 1511µs, render: 295ms)
 POST /api/game/776847/atbat-video 200 in 736ms (compile: 1029µs, render: 735ms)
 POST /api/game/776847/atbat-video 200 in 795ms (compile: 1259µs, render: 793ms)
 POST /api/game/776847/atbat-video 200 in 344ms (compile: 7ms, render: 338ms)
 POST /api/game/776847/atbat-video 200 in 585ms (compile: 8ms, render: 577ms)
 GET /game/776847 200 in 43ms (compile: 10ms, render: 33ms)
 GET /api/game/776847 200 in 427ms (compile: 3ms, render: 424ms)
 POST /api/game/776847/atbat-video 200 in 123ms (compile: 9ms, render: 114ms)
 POST /api/game/776847/atbat-video 200 in 129ms (compile: 3ms, render: 126ms)
 POST /api/game/776847/atbat-video 200 in 59ms (compile: 1034µs, render: 58ms)
 POST /api/game/776847/atbat-video 200 in 74ms (compile: 2ms, render: 72ms)
 POST /api/game/776847/atbat-video 200 in 53ms (compile: 1678µs, render: 51ms)
 POST /api/game/776847/atbat-video 200 in 56ms (compile: 968µs, render: 55ms)
 POST /api/game/776847/atbat-video 200 in 52ms (compile: 1612µs, render: 50ms)
 POST /api/game/776847/atbat-video 200 in 51ms (compile: 1022µs, render: 50ms)
 POST /api/game/776847/atbat-video 200 in 54ms (compile: 1144µs, render: 53ms)
 POST /api/game/776847/atbat-video 200 in 64ms (compile: 1013µs, render: 63ms)
 POST /api/game/776847/atbat-video 200 in 56ms (compile: 1092µs, render: 54ms)
 POST /api/game/776847/atbat-video 200 in 48ms (compile: 1006µs, render: 47ms)
 POST /api/game/776847/atbat-video 200 in 56ms (compile: 2ms, render: 54ms)
 POST /api/game/776847/atbat-video 200 in 46ms (compile: 893µs, render: 45ms)
 POST /api/game/776847/atbat-video 200 in 56ms (compile: 1676µs, render: 54ms)
 POST /api/game/776847/atbat-video 200 in 55ms (compile: 990µs, render: 54ms)
 ✓ Compiled in 37ms
 ✓ Compiled in 22ms
 ✓ Compiled in 21ms
 ✓ Compiled in 34ms
 POST /api/game/776818/atbat-video 200 in 485ms (compile: 9ms, render: 476ms)
 POST /api/game/776847/atbat-video 200 in 633ms (compile: 4ms, render: 629ms)
 POST /api/game/776847/atbat-video 200 in 425ms (compile: 1958µs, render: 423ms)
 POST /api/game/776818/atbat-video 200 in 1023ms (compile: 6ms, render: 1017ms)
 POST /api/game/776847/atbat-video 200 in 482ms (compile: 1397µs, render: 481ms)
 POST /api/game/776847/atbat-video 200 in 294ms (compile: 1256µs, render: 293ms)
 POST /api/game/776818/atbat-video 200 in 371ms (compile: 12ms, render: 359ms)
 POST /api/game/776818/atbat-video 200 in 272ms (compile: 1824µs, render: 270ms)
 POST /api/game/776847/atbat-video 200 in 392ms (compile: 1391µs, render: 391ms)
 POST /api/game/776847/atbat-video 200 in 324ms (compile: 844µs, render: 323ms)
 POST /api/game/776818/atbat-video 200 in 550ms (compile: 2ms, render: 548ms)
 POST /api/game/776847/atbat-video 200 in 367ms (compile: 1327µs, render: 366ms)
 POST /api/game/776818/atbat-video 200 in 401ms (compile: 3ms, render: 398ms)
 POST /api/game/776818/atbat-video 200 in 358ms (compile: 3ms, render: 356ms)
 POST /api/game/776847/atbat-video 200 in 689ms (compile: 1086µs, render: 688ms)
 POST /api/game/776818/atbat-video 200 in 557ms (compile: 3ms, render: 554ms)
 ✓ Compiled in 50ms
Transcribing video: 673548-3-bottom-21 https://fastball-clips.mlb.com/776847/home/cd11bf05-d765-3ff5-9b01-1f6404a20bbe.mp4
Transcribing with Google Cloud STT...
STT transcription complete: 62 words
Transcription complete: 62 words, 22.42s
 POST /api/transcribe 200 in 12.5s (compile: 981ms, render: 11.5s)
 GET /game/776847 200 in 183ms (compile: 69ms, render: 114ms)
 GET /api/game/776847 200 in 374ms (compile: 5ms, render: 369ms)
 POST /api/game/776847/atbat-video 200 in 405ms (compile: 10ms, render: 395ms)
 POST /api/game/776847/atbat-video 200 in 406ms (compile: 4ms, render: 403ms)
 POST /api/game/776847/atbat-video 200 in 351ms (compile: 4ms, render: 348ms)
 POST /api/game/776847/atbat-video 200 in 352ms (compile: 1554µs, render: 351ms)
 POST /api/game/776847/atbat-video 200 in 943ms (compile: 2ms, render: 941ms)
 POST /api/game/776847/atbat-video 200 in 938ms (compile: 1942µs, render: 936ms)
 POST /api/game/776847/atbat-video 200 in 325ms (compile: 16ms, render: 309ms)
 POST /api/game/776847/atbat-video 200 in 359ms (compile: 12ms, render: 347ms)
 POST /api/game/776847/atbat-video 200 in 362ms (compile: 4ms, render: 358ms)
 POST /api/game/776847/atbat-video 200 in 598ms (compile: 1133µs, render: 597ms)
 POST /api/game/776847/atbat-video 200 in 639ms (compile: 6ms, render: 633ms)
 POST /api/game/776847/atbat-video 200 in 605ms (compile: 1108µs, render: 604ms)
 POST /api/game/776847/atbat-video 200 in 242ms (compile: 2ms, render: 240ms)
 POST /api/game/776847/atbat-video 200 in 445ms (compile: 3ms, render: 442ms)
 POST /api/game/776847/atbat-video 200 in 368ms (compile: 924µs, render: 367ms)
 POST /api/game/776847/atbat-video 200 in 387ms (compile: 2ms, render: 385ms)
Transcribing video: 673548-3-bottom-21 https://fastball-clips.mlb.com/776847/home/cd11bf05-d765-3ff5-9b01-1f6404a20bbe.mp4
Transcribing with ElevenLabs Scribe...
Transcription error: Error: ElevenLabs API error: 401 - {"detail":{"status":"missing_permissions","message":"The API key you used is missing the permission speech_to_text to execute this operation."}}
    at transcribeWithElevenLabs (lib/transcription.js:138:11)
    at async transcribeVideo (lib/transcription.js:265:18)
    at async POST (app/api/transcribe/route.js:28:20)
  136 |   if (!response.ok) {
  137 |     const errorText = await response.text();
> 138 |     throw new Error(`ElevenLabs API error: ${response.status} - ${errorText}`);
      |           ^
  139 |   }
  140 |
  141 |   const result = await response.json();
 POST /api/transcribe 500 in 2.8s (compile: 74ms, render: 2.7s)
 GET /game/776847 200 in 79ms (compile: 11ms, render: 68ms)
 GET /api/game/776847 200 in 507ms (compile: 12ms, render: 496ms)
 POST /api/game/776847/atbat-video 200 in 202ms (compile: 4ms, render: 198ms)
 POST /api/game/776847/atbat-video 200 in 218ms (compile: 16ms, render: 202ms)
 POST /api/game/776847/atbat-video 200 in 87ms (compile: 1169µs, render: 86ms)
 POST /api/game/776847/atbat-video 200 in 82ms (compile: 1076µs, render: 81ms)
 POST /api/game/776847/atbat-video 200 in 85ms (compile: 960µs, render: 84ms)
 POST /api/game/776847/atbat-video 200 in 84ms (compile: 903µs, render: 83ms)
 POST /api/game/776847/atbat-video 200 in 90ms (compile: 1343µs, render: 88ms)
 POST /api/game/776847/atbat-video 200 in 113ms (compile: 930µs, render: 112ms)
 POST /api/game/776847/atbat-video 200 in 66ms (compile: 2ms, render: 63ms)
 POST /api/game/776847/atbat-video 200 in 112ms (compile: 1014µs, render: 111ms)
 POST /api/game/776847/atbat-video 200 in 83ms (compile: 1446µs, render: 81ms)
 POST /api/game/776847/atbat-video 200 in 48ms (compile: 909µs, render: 47ms)
 POST /api/game/776847/atbat-video 200 in 57ms (compile: 1190µs, render: 56ms)
 POST /api/game/776847/atbat-video 200 in 50ms (compile: 856µs, render: 49ms)
 POST /api/game/776847/atbat-video 200 in 55ms (compile: 896µs, render: 54ms)
Transcribing video: 673548-3-bottom-21 https://fastball-clips.mlb.com/776847/home/cd11bf05-d765-3ff5-9b01-1f6404a20bbe.mp4
 POST /api/game/776847/atbat-video 200 in 54ms (compile: 1282µs, render: 53ms)
Transcribing with ElevenLabs Scribe...
ElevenLabs transcription complete: 61 words
Transcription complete: 61 words, 22.50s
 POST /api/transcribe 200 in 3.5s (compile: 1680µs, render: 3.5s)
Generating rundown video for game 776847 with 8 clips
Video generated successfully: /var/folders/0n/594j1_716bqcbgv4hghrr4lh0000gn/T/mlb-highlights/776847/rundown-776847.mp4
 POST /api/generate-rundown-video 200 in 90s (compile: 138ms, render: 89s)
 ✓ Compiled in 36ms
 ✓ Compiled in 37ms
 ✓ Compiled in 27ms
 ✓ Compiled in 34ms
 GET /game/776847 200 in 143ms (compile: 65ms, render: 78ms)
 GET /api/game/776847 200 in 461ms (compile: 5ms, render: 457ms)
 POST /api/game/776847/atbat-video 200 in 449ms (compile: 4ms, render: 445ms)
 POST /api/game/776847/atbat-video 200 in 456ms (compile: 9ms, render: 447ms)
 POST /api/game/776847/atbat-video 200 in 400ms (compile: 1337µs, render: 398ms)
 POST /api/game/776847/atbat-video 200 in 408ms (compile: 2ms, render: 405ms)
 POST /api/game/776847/atbat-video 200 in 329ms (compile: 5ms, render: 324ms)
 POST /api/game/776847/atbat-video 200 in 333ms (compile: 2ms, render: 331ms)
 POST /api/game/776847/atbat-video 200 in 294ms (compile: 3ms, render: 290ms)
 POST /api/game/776847/atbat-video 200 in 347ms (compile: 1322µs, render: 346ms)
 POST /api/game/776847/atbat-video 200 in 313ms (compile: 1025µs, render: 312ms)
 POST /api/game/776847/atbat-video 200 in 488ms (compile: 10ms, render: 478ms)
 POST /api/game/776847/atbat-video 200 in 438ms (compile: 1337µs, render: 436ms)
 POST /api/game/776847/atbat-video 200 in 490ms (compile: 2ms, render: 488ms)
 POST /api/game/776847/atbat-video 200 in 319ms (compile: 4ms, render: 315ms)
 POST /api/game/776847/atbat-video 200 in 138ms (compile: 2ms, render: 136ms)
 POST /api/game/776847/atbat-video 200 in 352ms (compile: 962µs, render: 351ms)
 POST /api/game/776847/atbat-video 200 in 401ms (compile: 953µs, render: 400ms)
 POST /api/game/776847/atbat-video 200 in 540ms (compile: 6ms, render: 534ms)
Generating rundown video for game 776847 with 9 clips + title card
Adding title card from highlights video...
Video generated successfully: /var/folders/0n/594j1_716bqcbgv4hghrr4lh0000gn/T/mlb-highlights/776847/rundown-776847.mp4
 POST /api/generate-rundown-video 200 in 113s (compile: 60ms, render: 113s)
 GET /game/776847 200 in 70ms (compile: 18ms, render: 52ms)
 GET /api/game/776847 200 in 457ms (compile: 3ms, render: 454ms)
 POST /api/game/776847/atbat-video 200 in 578ms (compile: 3ms, render: 575ms)
 POST /api/game/776847/atbat-video 200 in 580ms (compile: 6ms, render: 573ms)
 POST /api/game/776847/atbat-video 200 in 438ms (compile: 2ms, render: 436ms)
 POST /api/game/776847/atbat-video 200 in 437ms (compile: 829µs, render: 436ms)
 POST /api/game/776847/atbat-video 200 in 569ms (compile: 5ms, render: 565ms)
 POST /api/game/776847/atbat-video 200 in 582ms (compile: 3ms, render: 580ms)
 POST /api/game/776847/atbat-video 200 in 458ms (compile: 5ms, render: 454ms)
 POST /api/game/776847/atbat-video 200 in 443ms (compile: 2ms, render: 441ms)
 POST /api/game/776847/atbat-video 200 in 364ms (compile: 975µs, render: 363ms)
 POST /api/game/776847/atbat-video 200 in 705ms (compile: 3ms, render: 702ms)
 POST /api/game/776847/atbat-video 200 in 404ms (compile: 1370µs, render: 403ms)
 POST /api/game/776847/atbat-video 200 in 78ms (compile: 2ms, render: 76ms)
 POST /api/game/776847/atbat-video 200 in 378ms (compile: 1533µs, render: 377ms)
 POST /api/game/776847/atbat-video 200 in 396ms (compile: 1238µs, render: 394ms)
 POST /api/game/776847/atbat-video 200 in 443ms (compile: 3ms, render: 441ms)
 POST /api/game/776847/atbat-video 200 in 513ms (compile: 961µs, render: 512ms)
 GET /api/video-proxy?url=https%3A%2F%2Ffastball-clips.mlb.com%2F776847%2Fhome%2Fa1616472-6c09-3e45-9eed-5de2199b1f3e.mp4 200 in 4.0s (compile: 121ms, render: 3.9s)
 GET /api/video-proxy?url=https%3A%2F%2Ffastball-clips.mlb.com%2F776847%2Fhome%2F089c5113-ebcd-3672-9071-4179fabfb6b4.mp4 200 in 4.7s (compile: 128ms, render: 4.6s)
 GET /game/776847 200 in 65ms (compile: 13ms, render: 52ms)
 GET /api/game/776847 200 in 455ms (compile: 3ms, render: 452ms)
 POST /api/game/776847/atbat-video 200 in 419ms (compile: 3ms, render: 415ms)
 POST /api/game/776847/atbat-video 200 in 430ms (compile: 13ms, render: 418ms)
 POST /api/game/776847/atbat-video 200 in 296ms (compile: 2ms, render: 294ms)
 POST /api/game/776847/atbat-video 200 in 287ms (compile: 925µs, render: 286ms)
 POST /api/game/776847/atbat-video 200 in 350ms (compile: 5ms, render: 345ms)
 POST /api/game/776847/atbat-video 200 in 351ms (compile: 3ms, render: 349ms)
 POST /api/game/776847/atbat-video 200 in 443ms (compile: 1684µs, render: 441ms)
 POST /api/game/776847/atbat-video 200 in 450ms (compile: 1036µs, render: 449ms)
 POST /api/game/776847/atbat-video 200 in 327ms (compile: 10ms, render: 317ms)
 POST /api/game/776847/atbat-video 200 in 330ms (compile: 9ms, render: 321ms)
 POST /api/game/776847/atbat-video 200 in 422ms (compile: 978µs, render: 421ms)
 POST /api/game/776847/atbat-video 200 in 456ms (compile: 1324µs, render: 455ms)
 POST /api/game/776847/atbat-video 200 in 494ms (compile: 10ms, render: 484ms)
 POST /api/game/776847/atbat-video 200 in 477ms (compile: 1078µs, render: 476ms)
 POST /api/game/776847/atbat-video 200 in 452ms (compile: 3ms, render: 449ms)
 POST /api/game/776847/atbat-video 200 in 560ms (compile: 2ms, render: 557ms)
 GET /api/video-proxy?url=https%3A%2F%2Ffastball-clips.mlb.com%2F776847%2Fhome%2Fa1616472-6c09-3e45-9eed-5de2199b1f3e.mp4 200 in 3.1s (compile: 10ms, render: 3.1s)
 GET /api/video-proxy?url=https%3A%2F%2Ffastball-clips.mlb.com%2F776847%2Fhome%2F089c5113-ebcd-3672-9071-4179fabfb6b4.mp4 200 in 5.2s (compile: 3ms, render: 5.2s)
 POST /api/game/776847/atbat-video 200 in 826ms (compile: 8ms, render: 818ms)
 GET /api/video-proxy?url=https%3A%2F%2Ffastball-clips.mlb.com%2F776847%2Fhome%2Fa1616472-6c09-3e45-9eed-5de2199b1f3e.mp4 200 in 3.0s (compile: 1401µs, render: 3.0s)
 GET /api/video-proxy?url=https%3A%2F%2Ffastball-clips.mlb.com%2F776847%2Fhome%2F089c5113-ebcd-3672-9071-4179fabfb6b4.mp4 200 in 2.6s (compile: 1215µs, render: 2.6s)
Generating rundown video for game 776847 with 9 clips + title card
Adding title card from highlights video...
Video generated successfully: /var/folders/0n/594j1_716bqcbgv4hghrr4lh0000gn/T/mlb-highlights/776847/rundown-776847.mp4
 POST /api/generate-rundown-video 200 in 2.1min (compile: 50ms, render: 2.1min)
 GET /game/776847 200 in 64ms (compile: 15ms, render: 50ms)
 GET /api/game/776847 200 in 512ms (compile: 3ms, render: 509ms)
 POST /api/game/776847/atbat-video 200 in 616ms (compile: 6ms, render: 611ms)
 POST /api/game/776847/atbat-video 200 in 616ms (compile: 9ms, render: 607ms)
 POST /api/game/776847/atbat-video 200 in 360ms (compile: 2ms, render: 357ms)
 POST /api/game/776847/atbat-video 200 in 376ms (compile: 3ms, render: 373ms)
 POST /api/game/776847/atbat-video 200 in 336ms (compile: 1101µs, render: 335ms)
 POST /api/game/776847/atbat-video 200 in 342ms (compile: 1112µs, render: 341ms)
 POST /api/game/776847/atbat-video 200 in 1054ms (compile: 8ms, render: 1046ms)
 POST /api/game/776847/atbat-video 200 in 1051ms (compile: 1194µs, render: 1050ms)
 POST /api/game/776847/atbat-video 200 in 280ms (compile: 6ms, render: 273ms)
 POST /api/game/776847/atbat-video 200 in 558ms (compile: 2ms, render: 555ms)
 POST /api/game/776847/atbat-video 200 in 333ms (compile: 1048µs, render: 332ms)
 POST /api/game/776847/atbat-video 200 in 92ms (compile: 2ms, render: 90ms)
 POST /api/game/776847/atbat-video 200 in 522ms (compile: 1021µs, render: 521ms)
 POST /api/game/776847/atbat-video 200 in 568ms (compile: 1946µs, render: 566ms)
 POST /api/game/776847/atbat-video 200 in 610ms (compile: 4ms, render: 606ms)
 POST /api/game/776847/atbat-video 200 in 790ms (compile: 1390µs, render: 788ms)
 GET /game/776847 200 in 66ms (compile: 11ms, render: 55ms)
 GET /api/game/776847 200 in 513ms (compile: 4ms, render: 509ms)
 POST /api/game/776847/atbat-video 200 in 282ms (compile: 4ms, render: 278ms)
 POST /api/game/776847/atbat-video 200 in 286ms (compile: 10ms, render: 276ms)
 POST /api/game/776847/atbat-video 200 in 65ms (compile: 1535µs, render: 64ms)
 POST /api/game/776847/atbat-video 200 in 69ms (compile: 839µs, render: 68ms)
 POST /api/game/776847/atbat-video 200 in 64ms (compile: 957µs, render: 63ms)
 POST /api/game/776847/atbat-video 200 in 63ms (compile: 915µs, render: 63ms)
 POST /api/game/776847/atbat-video 200 in 54ms (compile: 1155µs, render: 52ms)
 POST /api/game/776847/atbat-video 200 in 52ms (compile: 1250µs, render: 51ms)
 POST /api/game/776847/atbat-video 200 in 48ms (compile: 4ms, render: 44ms)
 POST /api/game/776847/atbat-video 200 in 83ms (compile: 907µs, render: 82ms)
 POST /api/game/776847/atbat-video 200 in 52ms (compile: 1268µs, render: 51ms)
 POST /api/game/776847/atbat-video 200 in 53ms (compile: 1187µs, render: 51ms)
 POST /api/game/776847/atbat-video 200 in 59ms (compile: 852µs, render: 59ms)
 POST /api/game/776847/atbat-video 200 in 50ms (compile: 825µs, render: 49ms)
 POST /api/game/776847/atbat-video 200 in 62ms (compile: 1708µs, render: 61ms)
 POST /api/game/776847/atbat-video 200 in 49ms (compile: 1062µs, render: 48ms)
 POST /api/game/776847/atbat-video 200 in 512ms (compile: 10ms, render: 502ms)
Generating rundown video for game 776847 with 9 clips + title card
Adding title card from highlights video...
Video generated successfully: /var/folders/0n/594j1_716bqcbgv4hghrr4lh0000gn/T/mlb-highlights/776847/rundown-776847.mp4
 POST /api/generate-rundown-video 200 in 118s (compile: 60ms, render: 118s)
 GET /game/776847 200 in 67ms (compile: 14ms, render: 53ms)
 GET /api/game/776847 200 in 335ms (compile: 4ms, render: 332ms)
 POST /api/game/776847/atbat-video 200 in 380ms (compile: 8ms, render: 372ms)
 POST /api/game/776847/atbat-video 200 in 381ms (compile: 2ms, render: 379ms)
 POST /api/game/776847/atbat-video 200 in 287ms (compile: 927µs, render: 286ms)
 POST /api/game/776847/atbat-video 200 in 293ms (compile: 1298µs, render: 291ms)
 POST /api/game/776847/atbat-video 200 in 427ms (compile: 6ms, render: 421ms)
 POST /api/game/776847/atbat-video 200 in 428ms (compile: 14ms, render: 414ms)
 POST /api/game/776847/atbat-video 200 in 334ms (compile: 2ms, render: 332ms)
 POST /api/game/776847/atbat-video 200 in 330ms (compile: 1097µs, render: 329ms)
 POST /api/game/776847/atbat-video 200 in 299ms (compile: 10ms, render: 288ms)
 POST /api/game/776847/atbat-video 200 in 334ms (compile: 1268µs, render: 333ms)
 POST /api/game/776847/atbat-video 200 in 437ms (compile: 2ms, render: 435ms)
 POST /api/game/776847/atbat-video 200 in 460ms (compile: 1133µs, render: 459ms)
 POST /api/game/776847/atbat-video 200 in 414ms (compile: 2ms, render: 412ms)
 POST /api/game/776847/atbat-video 200 in 361ms (compile: 932µs, render: 360ms)
 POST /api/game/776847/atbat-video 200 in 326ms (compile: 1924µs, render: 324ms)
 POST /api/game/776847/atbat-video 200 in 461ms (compile: 4ms, render: 457ms)
 POST /api/game/776847/atbat-video 200 in 511ms (compile: 14ms, render: 497ms)
 GET / 200 in 424ms (compile: 398ms, render: 26ms)
 GET /api/schedule?date=2025-12-04 200 in 345ms (compile: 86ms, render: 259ms)
 GET /api/schedule?date=2025-12-04 200 in 50ms (compile: 5ms, render: 45ms)
 GET /api/schedule?date=2025-08-06 200 in 371ms (compile: 3ms, render: 368ms)
 GET /game/776847 200 in 36ms (compile: 9ms, render: 28ms)
 GET /api/game/776847 200 in 435ms (compile: 3ms, render: 432ms)
 GET /api/game/776847 200 in 207ms (compile: 3ms, render: 204ms)
 POST /api/game/776847/atbat-video 200 in 505ms (compile: 917µs, render: 504ms)
 POST /api/game/776847/atbat-video 200 in 297ms (compile: 1199µs, render: 296ms)
 POST /api/game/776847/atbat-video 200 in 512ms (compile: 3ms, render: 509ms)
 POST /api/game/776847/atbat-video 200 in 503ms (compile: 2ms, render: 501ms)
 POST /api/game/776847/atbat-video 200 in 505ms (compile: 5ms, render: 500ms)
 POST /api/game/776847/atbat-video 200 in 508ms (compile: 1135µs, render: 506ms)
 POST /api/game/776847/atbat-video 200 in 299ms (compile: 3ms, render: 296ms)
 POST /api/game/776847/atbat-video 200 in 294ms (compile: 894µs, render: 293ms)
 POST /api/game/776847/atbat-video 200 in 302ms (compile: 967µs, render: 301ms)
 POST /api/game/776847/atbat-video 200 in 276ms (compile: 1030µs, render: 275ms)
 POST /api/game/776847/atbat-video 200 in 285ms (compile: 4ms, render: 282ms)
 POST /api/game/776847/atbat-video 200 in 296ms (compile: 3ms, render: 293ms)
 POST /api/game/776847/atbat-video 200 in 425ms (compile: 4ms, render: 422ms)
 POST /api/game/776847/atbat-video 200 in 484ms (compile: 1468µs, render: 483ms)
 POST /api/game/776847/atbat-video 200 in 308ms (compile: 1082µs, render: 307ms)
 POST /api/game/776847/atbat-video 200 in 289ms (compile: 3ms, render: 287ms)
 POST /api/game/776847/atbat-video 200 in 804ms (compile: 2ms, render: 802ms)
 POST /api/game/776847/atbat-video 200 in 88ms (compile: 1542µs, render: 86ms)
 POST /api/game/776847/atbat-video 200 in 316ms (compile: 961µs, render: 315ms)
 POST /api/game/776847/atbat-video 200 in 155ms (compile: 1078µs, render: 154ms)
 POST /api/game/776847/atbat-video 200 in 397ms (compile: 2ms, render: 394ms)
 POST /api/game/776847/atbat-video 200 in 311ms (compile: 886µs, render: 310ms)
 POST /api/game/776847/atbat-video 200 in 283ms (compile: 1132µs, render: 282ms)
 POST /api/game/776847/atbat-video 200 in 448ms (compile: 2ms, render: 445ms)
 POST /api/game/776847/atbat-video 200 in 558ms (compile: 11ms, render: 547ms)
Generating rundown video for game 776847 with 9 clips + title card
Adding title card from highlights video...
Video generated successfully: /var/folders/0n/594j1_716bqcbgv4hghrr4lh0000gn/T/mlb-highlights/776847/rundown-776847.mp4
 POST /api/generate-rundown-video 200 in 2.1min (compile: 57ms, render: 2.1min)
Generating rundown video for game 776847 with 9 clips + title card
Adding title card from highlights video...
Video generated successfully: /var/folders/0n/594j1_716bqcbgv4hghrr4lh0000gn/T/mlb-highlights/776847/rundown-776847.mp4
 POST /api/generate-rundown-video 200 in 109s (compile: 14ms, render: 109s)
 GET /game/775296 200 in 41ms (compile: 15ms, render: 26ms)
 POST /api/game/776847/atbat-video 200 in 1198ms (compile: 13ms, render: 1186ms)
Transcribing video: 641584-3-top-16 https://fastball-clips.mlb.com/776847/home/5c746316-ee1a-3ab1-a765-bdc45cad8a5d.mp4
Transcribing with ElevenLabs Scribe...
 GET /api/video-proxy?url=https%3A%2F%2Ffastball-clips.mlb.com%2F776847%2Fhome%2F5c746316-ee1a-3ab1-a765-bdc45cad8a5d.mp4 200 in 2.2s (compile: 3ms, render: 2.2s)
 GET /api/video-proxy?url=https%3A%2F%2Ffastball-clips.mlb.com%2F776847%2Fhome%2F5c746316-ee1a-3ab1-a765-bdc45cad8a5d.mp4 200 in 975ms (compile: 1442µs, render: 974ms)
ElevenLabs transcription complete: 50 words
Transcription complete: 50 words, 11.63s
 POST /api/transcribe 200 in 3.5s (compile: 14ms, render: 3.5s)
 GET / 200 in 28ms (compile: 7ms, render: 21ms)
 GET /api/schedule?date=2025-12-05 200 in 617ms (compile: 12ms, render: 605ms)
 GET /api/schedule?date=2025-12-05 200 in 118ms (compile: 2ms, render: 116ms)
 GET /api/schedule?date=2025-08-28 200 in 433ms (compile: 5ms, render: 428ms)
 GET /game/776560 200 in 16ms (compile: 6ms, render: 10ms)
 GET /api/game/776560 200 in 444ms (compile: 9ms, render: 435ms)
 GET /api/game/776560 200 in 189ms (compile: 898µs, render: 188ms)
 POST /api/game/776560/atbat-video 200 in 671ms (compile: 8ms, render: 664ms)
 POST /api/game/776560/atbat-video 200 in 674ms (compile: 4ms, render: 670ms)
 POST /api/game/776560/atbat-video 200 in 484ms (compile: 1565µs, render: 483ms)
 POST /api/game/776560/atbat-video 200 in 912ms (compile: 9ms, render: 903ms)
 POST /api/game/776560/atbat-video 200 in 988ms (compile: 8ms, render: 979ms)
 POST /api/game/776560/atbat-video 200 in 977ms (compile: 913µs, render: 976ms)
 POST /api/game/776560/atbat-video 200 in 225ms (compile: 2ms, render: 223ms)
 POST /api/game/776560/atbat-video 200 in 150ms (compile: 959µs, render: 149ms)
 POST /api/game/776560/atbat-video 200 in 148ms (compile: 1185µs, render: 147ms)
 POST /api/game/776560/atbat-video 200 in 302ms (compile: 1638µs, render: 300ms)
 POST /api/game/776560/atbat-video 200 in 313ms (compile: 1227µs, render: 312ms)
 POST /api/game/776560/atbat-video 200 in 315ms (compile: 3ms, render: 312ms)
 POST /api/game/776560/atbat-video 200 in 1198ms (compile: 2ms, render: 1196ms)
 POST /api/game/776560/atbat-video 200 in 1199ms (compile: 13ms, render: 1185ms)
 POST /api/game/776560/atbat-video 200 in 1195ms (compile: 7ms, render: 1188ms)
 POST /api/game/776560/atbat-video 200 in 597ms (compile: 2ms, render: 595ms)
 POST /api/game/776560/atbat-video 200 in 661ms (compile: 4ms, render: 657ms)
 POST /api/game/776560/atbat-video 200 in 657ms (compile: 826µs, render: 656ms)
 POST /api/game/776560/atbat-video 200 in 164ms (compile: 1355µs, render: 162ms)
 POST /api/game/776560/atbat-video 200 in 231ms (compile: 3ms, render: 228ms)
 POST /api/game/776560/atbat-video 200 in 164ms (compile: 4ms, render: 161ms)
 POST /api/game/776560/atbat-video 200 in 681ms (compile: 3ms, render: 678ms)
 POST /api/game/776560/atbat-video 200 in 679ms (compile: 3ms, render: 676ms)
 POST /api/game/776560/atbat-video 200 in 682ms (compile: 1125µs, render: 681ms)
Transcribing video: 656941-7-bottom-66 https://fastball-clips.mlb.com/776560/home/b47d564f-34cb-3acb-9a37-0a23b675b5ca.mp4
Transcribing video: 656941-5-bottom-48 https://fastball-clips.mlb.com/776560/home/53f95ea4-cee0-3613-adcd-470b2b29864f.mp4
 GET /api/video-proxy?url=https%3A%2F%2Ffastball-clips.mlb.com%2F776560%2Fhome%2F9439988b-2214-371d-8a04-0fbbe20e5933.mp4 200 in 841ms (compile: 4ms, render: 838ms)
Transcribing video: 592663-1-bottom-11 https://fastball-clips.mlb.com/776560/home/b7eaad79-4201-32e7-83e5-9c4a65a9c0bb.mp4
 GET /api/video-proxy?url=https%3A%2F%2Ffastball-clips.mlb.com%2F776560%2Fhome%2F2fab6bb1-bdba-36af-8f54-3a9ccbe393f0.mp4 200 in 1729ms (compile: 4ms, render: 1725ms)
 GET /api/video-proxy?url=https%3A%2F%2Ffastball-clips.mlb.com%2F776560%2Fhome%2Fe980569c-1f20-3168-b9d7-989abf33a4ce.mp4 200 in 2.0s (compile: 4ms, render: 2.0s)
 GET /api/video-proxy?url=https%3A%2F%2Ffastball-clips.mlb.com%2F776560%2Fhome%2Fb7eaad79-4201-32e7-83e5-9c4a65a9c0bb.mp4 200 in 2.2s (compile: 1737µs, render: 2.2s)
Transcribing with ElevenLabs Scribe...
Transcribing with ElevenLabs Scribe...
Transcribing with ElevenLabs Scribe...
 GET /api/video-proxy?url=https%3A%2F%2Ffastball-clips.mlb.com%2F776560%2Fhome%2F53f95ea4-cee0-3613-adcd-470b2b29864f.mp4 200 in 876ms (compile: 1384µs, render: 875ms)
 GET /api/video-proxy?url=https%3A%2F%2Ffastball-clips.mlb.com%2F776560%2Fhome%2Ffd71e76b-b956-3f99-877f-bf00852f5ac5.mp4 200 in 1344ms (compile: 1279µs, render: 1343ms)
 GET /api/video-proxy?url=https%3A%2F%2Ffastball-clips.mlb.com%2F776560%2Fhome%2F9439988b-2214-371d-8a04-0fbbe20e5933.mp4 200 in 594ms (compile: 1679µs, render: 592ms)
ElevenLabs transcription complete: 32 words
Transcription complete: 32 words, 32.86s
 POST /api/transcribe 200 in 3.8s (compile: 3ms, render: 3.8s)
 GET /api/video-proxy?url=https%3A%2F%2Ffastball-clips.mlb.com%2F776560%2Faway%2F1316b1ae-372e-3c23-ba37-5d258d03da03.mp4 200 in 1627ms (compile: 1130µs, render: 1626ms)
Transcribing video: 596146-1-bottom-14 https://fastball-clips.mlb.com/776560/home/e980569c-1f20-3168-b9d7-989abf33a4ce.mp4
ElevenLabs transcription complete: 49 words
Transcription complete: 49 words, 28.82s
 POST /api/transcribe 200 in 3.0s (compile: 1647µs, render: 3.0s)
 GET /api/video-proxy?url=https%3A%2F%2Ffastball-clips.mlb.com%2F776560%2Fhome%2Fb47d564f-34cb-3acb-9a37-0a23b675b5ca.mp4 200 in 975ms (compile: 1352µs, render: 974ms)
Transcribing video: 656941-4-bottom-36 https://fastball-clips.mlb.com/776560/home/fd71e76b-b956-3f99-877f-bf00852f5ac5.mp4
ElevenLabs transcription complete: 53 words
Transcription complete: 53 words, 31.28s
 POST /api/transcribe 200 in 4.3s (compile: 1510µs, render: 4.3s)
 GET /api/video-proxy?url=https%3A%2F%2Ffastball-clips.mlb.com%2F776560%2Fhome%2F2fab6bb1-bdba-36af-8f54-3a9ccbe393f0.mp4 200 in 620ms (compile: 1500µs, render: 619ms)
Transcribing video: 656941-1-bottom-9 https://fastball-clips.mlb.com/776560/home/2fab6bb1-bdba-36af-8f54-3a9ccbe393f0.mp4
 GET /api/video-proxy?url=https%3A%2F%2Ffastball-clips.mlb.com%2F776560%2Fhome%2Fb7eaad79-4201-32e7-83e5-9c4a65a9c0bb.mp4 200 in 993ms (compile: 1082µs, render: 992ms)
Transcribing with ElevenLabs Scribe...
 GET /api/video-proxy?url=https%3A%2F%2Ffastball-clips.mlb.com%2F776560%2Fhome%2Fe980569c-1f20-3168-b9d7-989abf33a4ce.mp4 200 in 1542ms (compile: 1374µs, render: 1541ms)
 GET /api/video-proxy?url=https%3A%2F%2Ffastball-clips.mlb.com%2F776560%2Fhome%2F53f95ea4-cee0-3613-adcd-470b2b29864f.mp4 200 in 1018ms (compile: 1350µs, render: 1017ms)
Transcribing with ElevenLabs Scribe...
Transcribing with ElevenLabs Scribe...
 GET /api/video-proxy?url=https%3A%2F%2Ffastball-clips.mlb.com%2F776560%2Fhome%2Ffd71e76b-b956-3f99-877f-bf00852f5ac5.mp4 200 in 952ms (compile: 1431µs, render: 950ms)
 GET /api/video-proxy?url=https%3A%2F%2Ffastball-clips.mlb.com%2F776560%2Fhome%2Fb47d564f-34cb-3acb-9a37-0a23b675b5ca.mp4 200 in 699ms (compile: 4ms, render: 695ms)
 GET /api/video-proxy?url=https%3A%2F%2Ffastball-clips.mlb.com%2F776560%2Faway%2F1316b1ae-372e-3c23-ba37-5d258d03da03.mp4 200 in 732ms (compile: 1580µs, render: 731ms)
ElevenLabs transcription complete: 35 words
Transcription complete: 35 words, 25.22s
 POST /api/transcribe 200 in 2.7s (compile: 1144µs, render: 2.7s)
Transcribing video: 547180-3-bottom-25 https://fastball-clips.mlb.com/776560/home/9439988b-2214-371d-8a04-0fbbe20e5933.mp4
ElevenLabs transcription complete: 36 words
Transcription complete: 36 words, 31.87s
 POST /api/transcribe 200 in 2.8s (compile: 1201µs, render: 2.8s)
Transcribing video: 621566-6-top-51 https://fastball-clips.mlb.com/776560/away/1316b1ae-372e-3c23-ba37-5d258d03da03.mp4
ElevenLabs transcription complete: 44 words
Transcription complete: 44 words, 31.49s
 POST /api/transcribe 200 in 2.6s (compile: 1071µs, render: 2.6s)
Transcribing with ElevenLabs Scribe...
Transcribing with ElevenLabs Scribe...
ElevenLabs transcription complete: 52 words
Transcription complete: 52 words, 35.01s
 POST /api/transcribe 200 in 2.1s (compile: 1814µs, render: 2.1s)
ElevenLabs transcription complete: 73 words
Transcription complete: 73 words, 31.34s
 POST /api/transcribe 200 in 2.1s (compile: 1253µs, render: 2.1s)
 GET / 200 in 33ms (compile: 6ms, render: 26ms)
 GET /api/schedule?date=2025-12-05 200 in 124ms (compile: 3ms, render: 121ms)
 GET /api/schedule?date=2025-12-05 200 in 31ms (compile: 3ms, render: 27ms)
 GET /api/schedule?date=2025-08-28 200 in 505ms (compile: 11ms, render: 494ms)
 GET /game/776560 200 in 38ms (compile: 17ms, render: 21ms)
 GET /api/game/776560 200 in 376ms (compile: 4ms, render: 372ms)
 GET /api/game/776560 200 in 45ms (compile: 990µs, render: 44ms)
 POST /api/game/776560/atbat-video 200 in 102ms (compile: 4ms, render: 98ms)
 POST /api/game/776560/atbat-video 200 in 117ms (compile: 6ms, render: 111ms)
 POST /api/game/776560/atbat-video 200 in 32ms (compile: 1123µs, render: 31ms)
 POST /api/game/776560/atbat-video 200 in 36ms (compile: 909µs, render: 35ms)
 POST /api/game/776560/atbat-video 200 in 117ms (compile: 1294µs, render: 116ms)
 POST /api/game/776560/atbat-video 200 in 34ms (compile: 2ms, render: 32ms)
 POST /api/game/776560/atbat-video 200 in 35ms (compile: 1490µs, render: 34ms)
 POST /api/game/776560/atbat-video 200 in 33ms (compile: 733µs, render: 32ms)
 POST /api/game/776560/atbat-video 200 in 158ms (compile: 999µs, render: 157ms)
 POST /api/game/776560/atbat-video 200 in 184ms (compile: 1171µs, render: 183ms)
 POST /api/game/776560/atbat-video 200 in 174ms (compile: 905µs, render: 173ms)
 POST /api/game/776560/atbat-video 200 in 30ms (compile: 1615µs, render: 29ms)
 POST /api/game/776560/atbat-video 200 in 35ms (compile: 765µs, render: 34ms)
 POST /api/game/776560/atbat-video 200 in 38ms (compile: 1121µs, render: 37ms)
 POST /api/game/776560/atbat-video 200 in 33ms (compile: 1479µs, render: 31ms)
 POST /api/game/776560/atbat-video 200 in 33ms (compile: 961µs, render: 32ms)
 POST /api/game/776560/atbat-video 200 in 26ms (compile: 1263µs, render: 24ms)
 POST /api/game/776560/atbat-video 200 in 32ms (compile: 970µs, render: 31ms)
 POST /api/game/776560/atbat-video 200 in 39ms (compile: 2ms, render: 37ms)
 POST /api/game/776560/atbat-video 200 in 33ms (compile: 893µs, render: 32ms)
 POST /api/game/776560/atbat-video 200 in 28ms (compile: 942µs, render: 27ms)
 POST /api/game/776560/atbat-video 200 in 35ms (compile: 1229µs, render: 34ms)
 POST /api/game/776560/atbat-video 200 in 44ms (compile: 1195µs, render: 42ms)
 POST /api/game/776560/atbat-video 200 in 31ms (compile: 1489µs, render: 30ms)
 POST /api/game/776560/atbat-video 200 in 1348ms (compile: 4ms, render: 1344ms)
Transcribing video: 595777-1-top-0 https://fastball-clips.mlb.com/776560/away/33604e79-8799-3889-8b16-6568b5dcc7df.mp4
 GET /api/video-proxy?url=https%3A%2F%2Ffastball-clips.mlb.com%2F776560%2Faway%2F33604e79-8799-3889-8b16-6568b5dcc7df.mp4 200 in 1009ms (compile: 6ms, render: 1003ms)
 GET /api/video-proxy?url=https%3A%2F%2Ffastball-clips.mlb.com%2F776560%2Faway%2F33604e79-8799-3889-8b16-6568b5dcc7df.mp4 200 in 150ms (compile: 4ms, render: 146ms)
Transcribing with ElevenLabs Scribe...
ElevenLabs transcription complete: 0 words
Transcription complete: 0 words, 11.75s
 POST /api/transcribe 200 in 2.1s (compile: 2ms, render: 2.1s)
Transcribing video: 656941-1-bottom-9 https://mlb-cuts-diamond.mlb.com/FORGE/2025/2025-08/28/62bd7b8f-2215201e-61934296-csvm-diamondgcp-as
 GET /api/video-proxy?url=https%3A%2F%2Fmlb-cuts-diamond.mlb.com%2FFORGE%2F2025%2F2025-08%2F28%2F62bd7b8f-2215201e-61934296-csvm-diamondgcp-asset_1280x720_59_4000K.mp4 200 in 1679ms (compile: 13ms, render: 1667ms)
Transcribing with ElevenLabs Scribe...
ElevenLabs transcription complete: 68 words
Transcription complete: 68 words, 28.85s
 POST /api/transcribe 200 in 4.0s (compile: 3ms, render: 4.0s)
 GET /api/video-proxy?url=https%3A%2F%2Fmlb-cuts-diamond.mlb.com%2FFORGE%2F2025%2F2025-08%2F28%2F62bd7b8f-2215201e-61934296-csvm-diamondgcp-asset_1280x720_59_4000K.mp4 200 in 5.7s (compile: 4ms, render: 5.7s)
 GET /api/video-proxy?url=https%3A%2F%2Fmlb-cuts-diamond.mlb.com%2FFORGE%2F2025%2F2025-08%2F28%2F62bd7b8f-2215201e-61934296-csvm-diamondgcp-asset_1280x720_59_4000K.mp4 200 in 816ms (compile: 1963µs, render: 814ms)
 GET /game/776560 200 in 61ms (compile: 11ms, render: 50ms)
 GET /api/game/776560 200 in 381ms (compile: 7ms, render: 374ms)
 POST /api/game/776560/atbat-video 200 in 2.5s (compile: 4ms, render: 2.5s)
 POST /api/game/776560/atbat-video 200 in 2.5s (compile: 8ms, render: 2.5s)
 POST /api/game/776560/atbat-video 200 in 753ms (compile: 4ms, render: 749ms)
 POST /api/game/776560/atbat-video 200 in 762ms (compile: 7ms, render: 755ms)
 POST /api/game/776560/atbat-video 200 in 230ms (compile: 1343µs, render: 229ms)
 POST /api/game/776560/atbat-video 200 in 245ms (compile: 2ms, render: 243ms)
 POST /api/game/776560/atbat-video 200 in 375ms (compile: 1645µs, render: 373ms)
 POST /api/game/776560/atbat-video 200 in 386ms (compile: 1987µs, render: 384ms)
 POST /api/game/776560/atbat-video 200 in 739ms (compile: 1446µs, render: 738ms)
 POST /api/game/776560/atbat-video 200 in 746ms (compile: 2ms, render: 744ms)
 POST /api/game/776560/atbat-video 200 in 682ms (compile: 3ms, render: 680ms)
 POST /api/game/776560/atbat-video 200 in 803ms (compile: 5ms, render: 799ms)
 POST /api/game/776560/atbat-video 200 in 248ms (compile: 2ms, render: 245ms)
 POST /api/game/776560/atbat-video 200 in 126ms (compile: 1759µs, render: 124ms)
 POST /api/game/776560/atbat-video 200 in 664ms (compile: 6ms, render: 659ms)
 POST /api/game/776560/atbat-video 200 in 672ms (compile: 3ms, render: 669ms)
 GET /game/776560 200 in 67ms (compile: 48ms, render: 19ms)
 GET /game/776560 200 in 14ms (compile: 1239µs, render: 13ms)
 GET /game/776560 200 in 10ms (compile: 1343µs, render: 9ms)
 GET /game/776560 200 in 11ms (compile: 1188µs, render: 10ms)
 GET /game/776560 200 in 12ms (compile: 1027µs, render: 11ms)
 GET /game/776560 200 in 11ms (compile: 1290µs, render: 10ms)
 GET /game/776560 200 in 10ms (compile: 1072µs, render: 9ms)
 GET /game/776560 200 in 14ms (compile: 1058µs, render: 13ms)
 GET /game/776560 200 in 12ms (compile: 1144µs, render: 11ms)
 GET /game/776560 200 in 12ms (compile: 981µs, render: 11ms)
 GET /game/776560 200 in 10ms (compile: 1355µs, render: 9ms)
 GET /game/776560 200 in 12ms (compile: 1103µs, render: 11ms)
 GET /game/776560 200 in 14ms (compile: 1112µs, render: 13ms)
 GET /game/776560 200 in 17ms (compile: 1153µs, render: 16ms)
 GET /game/776560 200 in 29ms (compile: 3ms, render: 27ms)
 ✓ Compiled in 0ms
 GET /game/776560 200 in 11ms (compile: 1911µs, render: 9ms)
 GET /game/776560 200 in 9ms (compile: 903µs, render: 8ms)
 GET /game/776560 200 in 9ms (compile: 879µs, render: 8ms)
 GET /game/776560 200 in 10ms (compile: 937µs, render: 9ms)
 GET /game/776560 200 in 10ms (compile: 1026µs, render: 9ms)
 GET /game/776560 200 in 11ms (compile: 1063µs, render: 10ms)
 GET /game/776560 200 in 17ms (compile: 976µs, render: 16ms)
 GET /game/776560 200 in 15ms (compile: 3ms, render: 13ms)
 GET /game/776560 200 in 10ms (compile: 1327µs, render: 8ms)
 GET /game/776560 200 in 10ms (compile: 1377µs, render: 9ms)
 GET /game/776560 200 in 12ms (compile: 1424µs, render: 10ms)
 GET /game/776560 200 in 13ms (compile: 1146µs, render: 12ms)
 GET /game/776560 200 in 11ms (compile: 1078µs, render: 10ms)
 GET /game/776560 200 in 13ms (compile: 2ms, render: 11ms)
 GET /game/776560 200 in 13ms (compile: 1070µs, render: 12ms)
 GET /game/776560 200 in 11ms (compile: 989µs, render: 10ms)
 GET /game/776560 200 in 10ms (compile: 1175µs, render: 8ms)
 GET /game/776560 200 in 10ms (compile: 1082µs, render: 9ms)
 GET /game/776560 200 in 11ms (compile: 1088µs, render: 10ms)
 GET /game/776560 200 in 9ms (compile: 994µs, render: 8ms)
 GET /game/776560 200 in 10ms (compile: 1228µs, render: 9ms)
 GET /game/776560 200 in 13ms (compile: 1072µs, render: 12ms)
 GET /game/776560 200 in 11ms (compile: 1341µs, render: 10ms)
 ✓ Compiled in 28ms
 POST /api/game/776560/atbat-video 200 in 133ms (compile: 20ms, render: 113ms)
 POST /api/game/776560/atbat-video 200 in 41ms (compile: 1215µs, render: 40ms)
 POST /api/game/776560/atbat-video 200 in 44ms (compile: 1044µs, render: 43ms)
 POST /api/game/776560/atbat-video 200 in 33ms (compile: 1131µs, render: 32ms)
 POST /api/game/776560/atbat-video 200 in 33ms (compile: 949µs, render: 32ms)
 POST /api/game/776560/atbat-video 200 in 38ms (compile: 1001µs, render: 37ms)
 POST /api/game/776560/atbat-video 200 in 35ms (compile: 1266µs, render: 34ms)
 POST /api/game/776560/atbat-video 200 in 35ms (compile: 1069µs, render: 34ms)
 ✓ Compiled in 30ms
 POST /api/game/776560/atbat-video 200 in 77ms (compile: 2ms, render: 75ms)
 POST /api/game/776560/atbat-video 200 in 42ms (compile: 1090µs, render: 41ms)
 POST /api/game/776560/atbat-video 200 in 32ms (compile: 977µs, render: 31ms)
 POST /api/game/776560/atbat-video 200 in 35ms (compile: 967µs, render: 34ms)
 POST /api/game/776560/atbat-video 200 in 30ms (compile: 897µs, render: 29ms)
 POST /api/game/776560/atbat-video 200 in 32ms (compile: 1052µs, render: 31ms)
 POST /api/game/776560/atbat-video 200 in 32ms (compile: 1039µs, render: 31ms)
 POST /api/game/776560/atbat-video 200 in 31ms (compile: 1022µs, render: 30ms)
 ✓ Compiled in 35ms
 ✓ Compiled in 30ms
 ✓ Compiled in 26ms
 ✓ Compiled in 27ms
 ✓ Compiled in 30ms
 POST /api/game/776560/atbat-video 200 in 663ms (compile: 8ms, render: 656ms)
 POST /api/game/776560/atbat-video 200 in 633ms (compile: 2ms, render: 631ms)
 POST /api/game/776560/atbat-video 200 in 357ms (compile: 2ms, render: 354ms)
 POST /api/game/776560/atbat-video 200 in 318ms (compile: 850µs, render: 317ms)
 POST /api/game/776560/atbat-video 200 in 480ms (compile: 2ms, render: 478ms)
 POST /api/game/776560/atbat-video 200 in 419ms (compile: 2ms, render: 417ms)
 POST /api/game/776560/atbat-video 200 in 217ms (compile: 3ms, render: 214ms)
 POST /api/game/776560/atbat-video 200 in 374ms (compile: 1152µs, render: 372ms)
 ✓ Compiled in 42ms
 ✓ Compiled in 31ms
